#
# There is insufficient memory for the Java Runtime Environment to continue.
# Native memory allocation (malloc) failed to allocate 1048576 bytes for AllocateHeap
# Possible reasons:
#   The system is out of physical RAM or swap space
#   The process is running with CompressedOops enabled, and the Java Heap may be blocking the growth of the native heap
# Possible solutions:
#   Reduce memory load on the system
#   Increase physical memory or swap space
#   Check if swap backing store is full
#   Decrease Java heap size (-Xmx/-Xms)
#   Decrease number of Java threads
#   Decrease Java thread stack sizes (-Xss)
#   Set larger code cache with -XX:ReservedCodeCacheSize=
#   JVM is running with Unscaled Compressed Oops mode in which the Java heap is
#     placed in the first 4GB address space. The Java Heap base address is the
#     maximum limit for the native heap growth. Please use -XX:HeapBaseMinAddress
#     to set the Java Heap base and to place the Java Heap above 4GB virtual address.
# This output file may be truncated or incomplete.
#
#  Out of Memory Error (memory/allocation.inline.hpp:61), pid=10852, tid=0x00000000000029d4
#
# JRE version:  (8.0_312-b07) (build )
# Java VM: OpenJDK 64-Bit Server VM (25.312-b07 mixed mode windows-amd64 compressed oops)
# Failed to write core dump. Minidumps are not enabled by default on client versions of Windows
#

---------------  T H R E A D  ---------------

Current thread (0x000002065d94c800):  JavaThread "Unknown thread" [_thread_in_vm, id=10708, stack(0x0000006407700000,0x0000006407800000)]

Stack: [0x0000006407700000,0x0000006407800000]
[error occurred during error reporting (printing stack bounds), id 0xc0000005]

Native frames: (J=compiled Java code, j=interpreted, Vv=VM code, C=native code)


---------------  P R O C E S S  ---------------

Java Threads: ( => current thread )

Other Threads:

=>0x000002065d94c800 (exited) JavaThread "Unknown thread" [_thread_in_vm, id=10708, stack(0x0000006407700000,0x0000006407800000)]

VM state:not at safepoint (normal execution)

VM Mutex/Monitor currently owned by a thread: None

heap address: 0x0000000086600000, size: 1946 MB, Compressed Oops mode: 32-bit
Narrow klass base: 0x0000000000000000, Narrow klass shift: 3
Compressed class space size: 1073741824 Address: 0x0000000100000000

Heap:
 PSYoungGen      total 36352K, used 624K [0x00000000d7780000, 0x00000000da000000, 0x0000000100000000)
  eden space 31232K, 2% used [0x00000000d7780000,0x00000000d781c298,0x00000000d9600000)
  from space 5120K, 0% used [0x00000000d9b00000,0x00000000d9b00000,0x00000000da000000)
  to   space 5120K, 0% used [0x00000000d9600000,0x00000000d9600000,0x00000000d9b00000)
 ParOldGen       total 83456K, used 0K [0x0000000086600000, 0x000000008b780000, 0x00000000d7780000)
  object space 83456K, 0% used [0x0000000086600000,0x0000000086600000,0x000000008b780000)
 Metaspace       used 781K, capacity 4480K, committed 4480K, reserved 1056768K
  class space    used 76K, capacity 384K, committed 384K, reserved 1048576K

Card table byte_map: [0x000002066e5b0000,0x000002066e980000] byte_map_base: 0x000002066e17d000

Marking Bits: (ParMarkBitMap*) 0x000000005fbd1860
 Begin Bits: [0x000002066ec10000, 0x0000020670a78000)
 End Bits:   [0x0000020670a78000, 0x00000206728e0000)

Polling page: 0x000002065f1c0000

CodeCache: size=245760Kb used=328Kb max_used=328Kb free=245431Kb
 bounds [0x000002065f1f0000, 0x000002065f460000, 0x000002066e1f0000]
 total_blobs=57 nmethods=0 adapters=38
 compilation: enabled

Compilation events (0 events):
No events

GC Heap History (0 events):
No events

Deoptimization events (0 events):
No events

Classes redefined (0 events):
No events

Internal exceptions (0 events):
No events

Events (10 events):
Event: 0.029 loading class java/lang/Short
Event: 0.029 loading class java/lang/Short done
Event: 0.029 loading class java/lang/Integer
Event: 0.029 loading class java/lang/Integer done
Event: 0.029 loading class java/lang/Long
Event: 0.029 loading class java/lang/Long done
Event: 0.030 loading class java/lang/NullPointerException
Event: 0.030 loading class java/lang/NullPointerException done
Event: 0.030 loading class java/lang/ArithmeticException
Event: 0.030 loading class java/lang/ArithmeticException done


Dynamic libraries:
0x00007ff67db90000 - 0x00007ff67dbca000 	C:\Users\Xuan Mai\.jdks\corretto-1.8.0_312\bin\java.exe
0x00007ffcc57b0000 - 0x00007ffcc59a5000 	C:\WINDOWS\SYSTEM32\ntdll.dll
0x00007ffcc5630000 - 0x00007ffcc56ee000 	C:\WINDOWS\System32\KERNEL32.DLL
0x00007ffcc2f00000 - 0x00007ffcc31c8000 	C:\WINDOWS\System32\KERNELBASE.dll
0x00007ffcc54d0000 - 0x00007ffcc557e000 	C:\WINDOWS\System32\ADVAPI32.dll
0x00007ffcc5090000 - 0x00007ffcc512e000 	C:\WINDOWS\System32\msvcrt.dll
0x00007ffcc3920000 - 0x00007ffcc39bc000 	C:\WINDOWS\System32\sechost.dll
0x00007ffcc5130000 - 0x00007ffcc5255000 	C:\WINDOWS\System32\RPCRT4.dll
0x00007ffcc3c40000 - 0x00007ffcc3de0000 	C:\WINDOWS\System32\USER32.dll
0x00007ffcc2ed0000 - 0x00007ffcc2ef2000 	C:\WINDOWS\System32\win32u.dll
0x00007ffcc5430000 - 0x00007ffcc545b000 	C:\WINDOWS\System32\GDI32.dll
0x00007ffcc3460000 - 0x00007ffcc356b000 	C:\WINDOWS\System32\gdi32full.dll
0x00007ffcc33c0000 - 0x00007ffcc345d000 	C:\WINDOWS\System32\msvcp_win.dll
0x00007ffcc3570000 - 0x00007ffcc3670000 	C:\WINDOWS\System32\ucrtbase.dll
0x00007ffca39d0000 - 0x00007ffca3c6a000 	C:\WINDOWS\WinSxS\amd64_microsoft.windows.common-controls_6595b64144ccf1df_6.0.19041.1110_none_60b5254171f9507e\COMCTL32.dll
0x00007ffcc3e40000 - 0x00007ffcc3e70000 	C:\WINDOWS\System32\IMM32.DLL
0x00007ffc949a0000 - 0x00007ffc94a8f000 	C:\Users\Xuan Mai\.jdks\corretto-1.8.0_312\jre\bin\msvcr120.dll
0x00007ffc98330000 - 0x00007ffc983d6000 	C:\Users\Xuan Mai\.jdks\corretto-1.8.0_312\jre\bin\msvcp120.dll
0x000000005f3e0000 - 0x000000005fc50000 	C:\Users\Xuan Mai\.jdks\corretto-1.8.0_312\jre\bin\server\jvm.dll
0x00007ffcc5260000 - 0x00007ffcc5268000 	C:\WINDOWS\System32\PSAPI.DLL
0x00007ffcb3380000 - 0x00007ffcb3389000 	C:\WINDOWS\SYSTEM32\WSOCK32.dll
0x00007ffcb09e0000 - 0x00007ffcb0a07000 	C:\WINDOWS\SYSTEM32\WINMM.dll
0x00007ffcb8eb0000 - 0x00007ffcb8eba000 	C:\WINDOWS\SYSTEM32\VERSION.dll
0x00007ffcc5460000 - 0x00007ffcc54cb000 	C:\WINDOWS\System32\WS2_32.dll
0x00007ffcb73c0000 - 0x00007ffcb73cf000 	C:\Users\Xuan Mai\.jdks\corretto-1.8.0_312\jre\bin\verify.dll
0x00007ffca2f00000 - 0x00007ffca2f29000 	C:\Users\Xuan Mai\.jdks\corretto-1.8.0_312\jre\bin\java.dll
0x00007ffca2ed0000 - 0x00007ffca2efa000 	C:\Users\Xuan Mai\.jdks\corretto-1.8.0_312\jre\bin\instrument.dll
0x00007ffca95d0000 - 0x00007ffca95e6000 	C:\Users\Xuan Mai\.jdks\corretto-1.8.0_312\jre\bin\zip.dll

VM Arguments:
jvm_args: -javaagent:C:\Program Files\JetBrains\IntelliJ IDEA Community Edition 2021.2.1\lib\idea_rt.jar=53481:C:\Program Files\JetBrains\IntelliJ IDEA Community Edition 2021.2.1\bin -Dfile.encoding=UTF-8 
java_command: ui.Main
java_class_path (initial): C:\Users\Xuan Mai\.jdks\corretto-1.8.0_312\jre\lib\charsets.jar;C:\Users\Xuan Mai\.jdks\corretto-1.8.0_312\jre\lib\ext\access-bridge-64.jar;C:\Users\Xuan Mai\.jdks\corretto-1.8.0_312\jre\lib\ext\cldrdata.jar;C:\Users\Xuan Mai\.jdks\corretto-1.8.0_312\jre\lib\ext\dnsns.jar;C:\Users\Xuan Mai\.jdks\corretto-1.8.0_312\jre\lib\ext\jaccess.jar;C:\Users\Xuan Mai\.jdks\corretto-1.8.0_312\jre\lib\ext\jfxrt.jar;C:\Users\Xuan Mai\.jdks\corretto-1.8.0_312\jre\lib\ext\localedata.jar;C:\Users\Xuan Mai\.jdks\corretto-1.8.0_312\jre\lib\ext\nashorn.jar;C:\Users\Xuan Mai\.jdks\corretto-1.8.0_312\jre\lib\ext\sunec.jar;C:\Users\Xuan Mai\.jdks\corretto-1.8.0_312\jre\lib\ext\sunjce_provider.jar;C:\Users\Xuan Mai\.jdks\corretto-1.8.0_312\jre\lib\ext\sunmscapi.jar;C:\Users\Xuan Mai\.jdks\corretto-1.8.0_312\jre\lib\ext\sunpkcs11.jar;C:\Users\Xuan Mai\.jdks\corretto-1.8.0_312\jre\lib\ext\zipfs.jar;C:\Users\Xuan Mai\.jdks\corretto-1.8.0_312\jre\lib\jce.jar;C:\Users\Xuan Mai\.jdks\corretto-1.8.0_312\jre\lib\jfr.jar;C:\Users\Xuan Mai\.jdks\corretto-1.8.0_312\jre\lib\jfxswt.jar;C:\Users\Xuan Mai\.jdks\corretto-1.8.0_312\jre\lib\jsse.jar;C:\Users\Xuan Mai\.jdks\corretto-1.8.0_312\jre\lib\management-agent.jar;C:\Users\Xuan Mai\.jdks\corretto-1.8.0_312\jre\lib\resources.jar;C:\Users\Xuan Mai\.jdks\corretto-1.8.0_312\jre\lib\rt.jar;D:\UBC STUDY\CPSC 210\project\project_t1o5s\out\production\Project-Starter;D:\UBC STUDY\CPSC 210\project\project_t1o5s\lib\json-20210307.jar;C:\Program Files\JetBrains\IntelliJ IDEA Community Edition 2021.2.1\lib\idea_rt.jar
Launcher Type: SUN_STANDARD

Environment Variables:
PATH=C:\Program Files (x86)\Common Files\Oracle\Java\javapath;C:\WINDOWS\system32;C:\WINDOWS;C:\WINDOWS\System32\Wbem;C:\WINDOWS\System32\WindowsPowerShell\v1.0\;C:\WINDOWS\System32\OpenSSH\;C:\Program Files\Git\cmd;C:\Users\Xuan Mai\AppData\Local\Microsoft\WindowsApps;;C:\Users\Xuan Mai\AppData\Local\Programs\Microsoft VS Code\bin
USERNAME=Xuan Mai
OS=Windows_NT
PROCESSOR_IDENTIFIER=Intel64 Family 6 Model 126 Stepping 5, GenuineIntel



---------------  S Y S T E M  ---------------

OS: Windows 10.0 , 64 bit Build 19041 (10.0.19041.1566)

CPU:total 8 (initial active 8) (4 cores per cpu, 2 threads per core) family 6 model 126 stepping 5, cmov, cx8, fxsr, mmx, sse, sse2, sse3, ssse3, sse4.1, sse4.2, popcnt, avx, avx2, aes, clmul, erms, 3dnowpref, lzcnt, ht, tsc, tscinvbit, bmi1, bmi2, adx

Memory: 4k page, physical 7964804k(583348k free), swap 7964804k(5676k free)

vm_info: OpenJDK 64-Bit Server VM (25.312-b07) for windows-amd64 JRE (1.8.0_312-b07), built on Oct 14 2021 21:08:49 by "Administrator" with MS VC++ 12.0 (VS2013)

time: Thu Mar 17 16:07:55 2022
timezone: Pacific Daylight Time
elapsed time: 0.037514 seconds (0d 0h 0m 0s)

