#
# There is insufficient memory for the Java Runtime Environment to continue.
# Native memory allocation (mmap) failed to map 127926272 bytes for Failed to commit area from 0x0000000086600000 to 0x000000008e000000 of length 127926272.
# Possible reasons:
#   The system is out of physical RAM or swap space
#   The process is running with CompressedOops enabled, and the Java Heap may be blocking the growth of the native heap
# Possible solutions:
#   Reduce memory load on the system
#   Increase physical memory or swap space
#   Check if swap backing store is full
#   Decrease Java heap size (-Xmx/-Xms)
#   Decrease number of Java threads
#   Decrease Java thread stack sizes (-Xss)
#   Set larger code cache with -XX:ReservedCodeCacheSize=
# This output file may be truncated or incomplete.
#
#  Out of Memory Error (./src/hotspot/os/windows/os_windows.cpp:3511), pid=13948, tid=13892
#
# JRE version:  (11.0.11+9) (build )
# Java VM: OpenJDK 64-Bit Server VM (11.0.11+9-b1504.16, mixed mode, sharing, tiered, compressed oops, g1 gc, windows-amd64)
# No core dump will be written. Minidumps are not enabled by default on client versions of Windows
#

---------------  S U M M A R Y ------------

Command Line: git4idea.http.GitAskPassApp Username for 'https://github.students.cs.ubc.ca': 

Host: Intel(R) Core(TM) i5-1035G7 CPU @ 1.20GHz, 8 cores, 7G,  Windows 10 , 64 bit Build 19041 (10.0.19041.1566)
Time: Fri Mar 25 05:08:31 2022 Pacific Daylight Time elapsed time: 0.018415 seconds (0d 0h 0m 0s)

---------------  T H R E A D  ---------------

Current thread (0x00000204df19d800):  JavaThread "Unknown thread" [_thread_in_vm, id=13892, stack(0x0000001b6f500000,0x0000001b6f600000)]

Stack: [0x0000001b6f500000,0x0000001b6f600000]
Native frames: (J=compiled Java code, j=interpreted, Vv=VM code, C=native code)
V  [jvm.dll+0x5f5d5a]
V  [jvm.dll+0x7798b5]
V  [jvm.dll+0x77aecd]
V  [jvm.dll+0x77b583]
V  [jvm.dll+0x244978]
V  [jvm.dll+0x5f3174]
V  [jvm.dll+0x5e7d55]
V  [jvm.dll+0x30068b]
V  [jvm.dll+0x3005fa]
V  [jvm.dll+0x3004d2]
V  [jvm.dll+0x3053c6]
V  [jvm.dll+0x34e0a3]
V  [jvm.dll+0x34e7a6]
V  [jvm.dll+0x34e1a3]
V  [jvm.dll+0x2db0c8]
V  [jvm.dll+0x2dc267]
V  [jvm.dll+0x758057]
V  [jvm.dll+0x75984c]
V  [jvm.dll+0x35b659]
V  [jvm.dll+0x73b67e]
V  [jvm.dll+0x3c39f3]
V  [jvm.dll+0x3c5dd1]
C  [jli.dll+0x5373]
C  [ucrtbase.dll+0x21bb2]
C  [KERNEL32.DLL+0x17034]
C  [ntdll.dll+0x52651]


---------------  P R O C E S S  ---------------

Threads class SMR info:
_java_thread_list=0x00000204dd852c70, length=0, elements={
}

Java Threads: ( => current thread )

Other Threads:
  0x00000204df1b4000 GCTaskThread "GC Thread#0" [stack: 0x0000001b6f600000,0x0000001b6f700000] [id=5448]
  0x00000204df1e4000 ConcurrentGCThread "G1 Main Marker" [stack: 0x0000001b6f700000,0x0000001b6f800000] [id=13132]
  0x00000204df1e6800 ConcurrentGCThread "G1 Conc#0" [stack: 0x0000001b6f800000,0x0000001b6f900000] [id=11436]

[error occurred during error reporting (printing all threads), id 0xc0000005, EXCEPTION_ACCESS_VIOLATION (0xc0000005) at pc=0x00007ffd3d42b8f7]

VM state:not at safepoint (not fully initialized)

VM Mutex/Monitor currently owned by a thread:  ([mutex/lock_event])
[0x00000204df198410] Heap_lock - owner thread: 0x00000204df19d800

Heap address: 0x0000000086600000, size: 1946 MB, Compressed Oops mode: Non-zero based: 0x0000000086600000
Narrow klass base: 0x0000000000000000, Narrow klass shift: 0

GC Heap History (0 events):
No events

Deoptimization events (0 events):
No events

Classes redefined (0 events):
No events

Internal exceptions (0 events):
No events

Events (1 events):
Event: 0.012 Loaded shared library C:\Program Files\JetBrains\IntelliJ IDEA Community Edition 2021.2.1\jbr\bin\zip.dll


Dynamic libraries:
0x00007ff7ea8d0000 - 0x00007ff7ea8da000 	C:\Program Files\JetBrains\IntelliJ IDEA Community Edition 2021.2.1\jbr\bin\java.exe
0x00007ffd7fd10000 - 0x00007ffd7ff05000 	C:\WINDOWS\SYSTEM32\ntdll.dll
0x00007ffd7e610000 - 0x00007ffd7e6ce000 	C:\WINDOWS\System32\KERNEL32.DLL
0x00007ffd7d460000 - 0x00007ffd7d728000 	C:\WINDOWS\System32\KERNELBASE.dll
0x00007ffd7dbf0000 - 0x00007ffd7dcf0000 	C:\WINDOWS\System32\ucrtbase.dll
0x00007ffd5c2b0000 - 0x00007ffd5c2c9000 	C:\Program Files\JetBrains\IntelliJ IDEA Community Edition 2021.2.1\jbr\bin\jli.dll
0x00007ffd5b3f0000 - 0x00007ffd5b407000 	C:\Program Files\JetBrains\IntelliJ IDEA Community Edition 2021.2.1\jbr\bin\VCRUNTIME140.dll
0x00007ffd7ed60000 - 0x00007ffd7ef00000 	C:\WINDOWS\System32\USER32.dll
0x00007ffd7dcf0000 - 0x00007ffd7dd12000 	C:\WINDOWS\System32\win32u.dll
0x00007ffd7e730000 - 0x00007ffd7e75b000 	C:\WINDOWS\System32\GDI32.dll
0x00007ffd5dab0000 - 0x00007ffd5dd4a000 	C:\WINDOWS\WinSxS\amd64_microsoft.windows.common-controls_6595b64144ccf1df_6.0.19041.1110_none_60b5254171f9507e\COMCTL32.dll
0x00007ffd7d730000 - 0x00007ffd7d83b000 	C:\WINDOWS\System32\gdi32full.dll
0x00007ffd7ebe0000 - 0x00007ffd7ec7e000 	C:\WINDOWS\System32\msvcrt.dll
0x00007ffd7d8b0000 - 0x00007ffd7d94d000 	C:\WINDOWS\System32\msvcp_win.dll
0x00007ffd7fca0000 - 0x00007ffd7fcd0000 	C:\WINDOWS\System32\IMM32.DLL
0x00007ffd4afe0000 - 0x00007ffd4b07d000 	C:\Program Files\JetBrains\IntelliJ IDEA Community Edition 2021.2.1\jbr\bin\msvcp140.dll
0x00007ffd3d140000 - 0x00007ffd3dc8a000 	C:\Program Files\JetBrains\IntelliJ IDEA Community Edition 2021.2.1\jbr\bin\server\jvm.dll
0x00007ffd7f9e0000 - 0x00007ffd7fa8e000 	C:\WINDOWS\System32\ADVAPI32.dll
0x00007ffd7f880000 - 0x00007ffd7f91c000 	C:\WINDOWS\System32\sechost.dll
0x00007ffd7e360000 - 0x00007ffd7e485000 	C:\WINDOWS\System32\RPCRT4.dll
0x00007ffd7e170000 - 0x00007ffd7e178000 	C:\WINDOWS\System32\PSAPI.DLL
0x00007ffd6cc70000 - 0x00007ffd6cc79000 	C:\WINDOWS\SYSTEM32\WSOCK32.dll
0x00007ffd6b640000 - 0x00007ffd6b667000 	C:\WINDOWS\SYSTEM32\WINMM.dll
0x00007ffd70e90000 - 0x00007ffd70e9a000 	C:\WINDOWS\SYSTEM32\VERSION.dll
0x00007ffd7ef00000 - 0x00007ffd7ef6b000 	C:\WINDOWS\System32\WS2_32.dll
0x00007ffd7bcd0000 - 0x00007ffd7bce2000 	C:\WINDOWS\SYSTEM32\kernel.appcore.dll
0x00007ffd77570000 - 0x00007ffd77581000 	C:\Program Files\JetBrains\IntelliJ IDEA Community Edition 2021.2.1\jbr\bin\verify.dll
0x00007ffd7b160000 - 0x00007ffd7b344000 	C:\WINDOWS\SYSTEM32\DBGHELP.DLL
0x00007ffd680a0000 - 0x00007ffd680cc000 	C:\WINDOWS\SYSTEM32\dbgcore.DLL
0x00007ffd7db60000 - 0x00007ffd7dbe2000 	C:\WINDOWS\System32\bcryptPrimitives.dll
0x00007ffd75690000 - 0x00007ffd756b9000 	C:\Program Files\JetBrains\IntelliJ IDEA Community Edition 2021.2.1\jbr\bin\java.dll
0x00007ffd77560000 - 0x00007ffd7756b000 	C:\Program Files\JetBrains\IntelliJ IDEA Community Edition 2021.2.1\jbr\bin\jimage.dll
0x00007ffd71be0000 - 0x00007ffd71bf8000 	C:\Program Files\JetBrains\IntelliJ IDEA Community Edition 2021.2.1\jbr\bin\zip.dll

dbghelp: loaded successfully - version: 4.0.5 - missing functions: none
symbol engine: initialized successfully - sym options: 0x614 - pdb path: .;C:\Program Files\JetBrains\IntelliJ IDEA Community Edition 2021.2.1\jbr\bin;C:\WINDOWS\SYSTEM32;C:\WINDOWS\WinSxS\amd64_microsoft.windows.common-controls_6595b64144ccf1df_6.0.19041.1110_none_60b5254171f9507e;C:\Program Files\JetBrains\IntelliJ IDEA Community Edition 2021.2.1\jbr\bin\server

VM Arguments:
java_command: git4idea.http.GitAskPassApp Username for 'https://github.students.cs.ubc.ca': 
java_class_path (initial): C:/Program Files/JetBrains/IntelliJ IDEA Community Edition 2021.2.1/plugins/git4idea/lib/git4idea-rt.jar;C:/Program Files/JetBrains/IntelliJ IDEA Community Edition 2021.2.1/lib/3rd-party.jar
Launcher Type: SUN_STANDARD

[Global flags]
     intx CICompilerCount                          = 4                                         {product} {ergonomic}
     uint ConcGCThreads                            = 2                                         {product} {ergonomic}
     uint G1ConcRefinementThreads                  = 8                                         {product} {ergonomic}
   size_t G1HeapRegionSize                         = 1048576                                   {product} {ergonomic}
    uintx GCDrainStackTargetSize                   = 64                                        {product} {ergonomic}
   size_t InitialHeapSize                          = 127926272                                 {product} {ergonomic}
   size_t MarkStackSize                            = 4194304                                   {product} {ergonomic}
   size_t MaxHeapSize                              = 2040528896                                {product} {ergonomic}
   size_t MinHeapDeltaBytes                        = 1048576                                   {product} {ergonomic}
    uintx NonNMethodCodeHeapSize                   = 5836300                                {pd product} {ergonomic}
    uintx NonProfiledCodeHeapSize                  = 122910970                              {pd product} {ergonomic}
    uintx ProfiledCodeHeapSize                     = 122910970                              {pd product} {ergonomic}
    uintx ReservedCodeCacheSize                    = 251658240                              {pd product} {ergonomic}
     bool SegmentedCodeCache                       = true                                      {product} {ergonomic}
     bool UseCompressedClassPointers               = true                                 {lp64_product} {ergonomic}
     bool UseCompressedOops                        = true                                 {lp64_product} {ergonomic}
     bool UseG1GC                                  = true                                      {product} {ergonomic}
     bool UseLargePagesIndividualAllocation        = false                                  {pd product} {ergonomic}

Logging:
Log output configuration:
 #0: stdout all=warning uptime,level,tags
 #1: stderr all=off uptime,level,tags

Environment Variables:
PATH=C:\Program Files\Git\mingw64\libexec\git-core;C:\Program Files\Git\mingw64\libexec\git-core;C:\Program Files\Git\mingw64\bin;C:\Program Files\Git\usr\bin;C:\Users\Xuan Mai\bin;C:\Program Files (x86)\Common Files\Oracle\Java\javapath;C:\WINDOWS\system32;C:\WINDOWS;C:\WINDOWS\System32\Wbem;C:\WINDOWS\System32\WindowsPowerShell\v1.0;C:\WINDOWS\System32\OpenSSH;C:\Program Files\Git\cmd;C:\Users\Xuan Mai\AppData\Local\Microsoft\WindowsApps;C:\Users\Xuan Mai\AppData\Local\Programs\Microsoft VS Code\bin
USERNAME=Xuan Mai
DISPLAY=:0.0
LC_ALL=en_US.UTF-8
OS=Windows_NT
PROCESSOR_IDENTIFIER=Intel64 Family 6 Model 126 Stepping 5, GenuineIntel



---------------  S Y S T E M  ---------------

OS: Windows 10 , 64 bit Build 19041 (10.0.19041.1566)
OS uptime: 0 days 5:18 hours

CPU:total 8 (initial active 8) (4 cores per cpu, 2 threads per core) family 6 model 126 stepping 5 microcode 0xa8, cmov, cx8, fxsr, mmx, sse, sse2, sse3, ssse3, sse4.1, sse4.2, popcnt, avx, avx2, aes, clmul, erms, 3dnowpref, lzcnt, ht, tsc, tscinvbit, bmi1, bmi2, adx, evex, sha, fma

Memory: 4k page, system-wide physical 7778M (664M free)
TotalPageFile size 7778M (AvailPageFile size 98M)
current process WorkingSet (physical memory assigned to process): 10M, peak: 10M
current process commit charge ("private bytes"): 60M, peak: 182M

vm_info: OpenJDK 64-Bit Server VM (11.0.11+9-b1504.16) for windows-amd64 JRE (11.0.11+9-b1504.16), built on Aug  9 2021 01:34:19 by "" with MS VC++ 14.0 (VS2015)

END.
