#
# There is insufficient memory for the Java Runtime Environment to continue.
# Native memory allocation (malloc) failed to allocate 1048576 bytes for AllocateHeap
# Possible reasons:
#   The system is out of physical RAM or swap space
#   The process is running with CompressedOops enabled, and the Java Heap may be blocking the growth of the native heap
# Possible solutions:
#   Reduce memory load on the system
#   Increase physical memory or swap space
#   Check if swap backing store is full
#   Decrease Java heap size (-Xmx/-Xms)
#   Decrease number of Java threads
#   Decrease Java thread stack sizes (-Xss)
#   Set larger code cache with -XX:ReservedCodeCacheSize=
#   JVM is running with Unscaled Compressed Oops mode in which the Java heap is
#     placed in the first 4GB address space. The Java Heap base address is the
#     maximum limit for the native heap growth. Please use -XX:HeapBaseMinAddress
#     to set the Java Heap base and to place the Java Heap above 4GB virtual address.
# This output file may be truncated or incomplete.
#
#  Out of Memory Error (./src/hotspot/share/memory/allocation.cpp:46), pid=4636, tid=7628
#
# JRE version: OpenJDK Runtime Environment JBR-11.0.11.9-1504.16-jcef (11.0.11+9) (build 11.0.11+9-b1504.16)
# Java VM: OpenJDK 64-Bit Server VM JBR-11.0.11.9-1504.16-jcef (11.0.11+9-b1504.16, mixed mode, tiered, compressed oops, g1 gc, windows-amd64)
# No core dump will be written. Minidumps are not enabled by default on client versions of Windows
#

---------------  S U M M A R Y ------------

Command Line: git4idea.http.GitAskPassApp Username for 'https://github.students.cs.ubc.ca': 

Host: Intel(R) Core(TM) i5-1035G7 CPU @ 1.20GHz, 8 cores, 7G,  Windows 10 , 64 bit Build 19041 (10.0.19041.1566)
Time: Fri Mar 25 15:27:03 2022 Pacific Daylight Time elapsed time: 0.482320 seconds (0d 0h 0m 0s)

---------------  T H R E A D  ---------------

Current thread (0x000001de43afe000):  VMThread "VM Thread" [stack: 0x000000a308f00000,0x000000a309000000] [id=7628]

Stack: [0x000000a308f00000,0x000000a309000000]
[error occurred during error reporting (printing stack bounds), id 0xc0000005, EXCEPTION_ACCESS_VIOLATION (0xc0000005) at pc=0x000001de2cd910e7]

Native frames: (J=compiled Java code, j=interpreted, Vv=VM code, C=native code)
V  [jvm.dll+0x5f5d5a]
V  [jvm.dll+0x7798b5]
V  [jvm.dll+0x77aecd]
V  [jvm.dll+0x77b4e5]
V  [jvm.dll+0x77b49b]
V  [jvm.dll+0x5f50f0]
V  [jvm.dll+0x5f5888]
C  [ntdll.dll+0xa20cf]
C  [ntdll.dll+0x51454]
C  [ntdll.dll+0xa0bfe]
C  0x000001de2cd910e7

VM_Operation (0x000000a3089fe870): CollectForMetadataAllocation, mode: safepoint, requested by thread 0x000001de2913c800


---------------  P R O C E S S  ---------------

Threads class SMR info:
_java_thread_list=0x000001de44537f40, length=11, elements={
0x000001de2913c800, 0x000001de43b23000, 0x000001de43b30800, 0x000001de43b43800,
0x000001de43b47000, 0x000001de43b49000, 0x000001de43b4c800, 0x000001de43b59000,
0x000001de43b5a000, 0x000001de4461c800, 0x000001de4463c000
}

Java Threads: ( => current thread )
  0x000001de2913c800 JavaThread "main" [_thread_blocked, id=16412, stack(0x000000a308900000,0x000000a308a00000)]
  0x000001de43b23000 JavaThread "Reference Handler" daemon [_thread_blocked, id=8344, stack(0x000000a309000000,0x000000a309100000)]
  0x000001de43b30800 JavaThread "Finalizer" daemon [_thread_blocked, id=16532, stack(0x000000a309100000,0x000000a309200000)]
  0x000001de43b43800 JavaThread "Signal Dispatcher" daemon [_thread_blocked, id=19076, stack(0x000000a309200000,0x000000a309300000)]
  0x000001de43b47000 JavaThread "Attach Listener" daemon [_thread_blocked, id=13024, stack(0x000000a309300000,0x000000a309400000)]
  0x000001de43b49000 JavaThread "Service Thread" daemon [_thread_blocked, id=11312, stack(0x000000a309400000,0x000000a309500000)]
  0x000001de43b4c800 JavaThread "C2 CompilerThread0" daemon [_thread_blocked, id=18464, stack(0x000000a309500000,0x000000a309600000)]
  0x000001de43b59000 JavaThread "C1 CompilerThread0" daemon [_thread_blocked, id=17240, stack(0x000000a309600000,0x000000a309700000)]
  0x000001de43b5a000 JavaThread "Sweeper thread" daemon [_thread_blocked, id=17316, stack(0x000000a309700000,0x000000a309800000)]
  0x000001de4461c800 JavaThread "Common-Cleaner" daemon [_thread_blocked, id=2104, stack(0x000000a309900000,0x000000a309a00000)]
  0x000001de4463c000 JavaThread "C2 CompilerThread1" daemon [_thread_blocked, id=14404, stack(0x000000a309a00000,0x000000a309b00000)]

Other Threads:
=>0x000001de43afe000 VMThread "VM Thread" [stack: 0x000000a308f00000,0x000000a309000000] [id=7628]
  0x000001de44618000 WatcherThread [stack: 0x000000a309800000,0x000000a309900000] [id=11984]
  0x000001de29152800 GCTaskThread "GC Thread#0" [stack: 0x000000a308a00000,0x000000a308b00000] [id=16848]
  0x000001de44a53000 GCTaskThread "GC Thread#1" [stack: 0x000000a309b00000,0x000000a309c00000] [id=18508]
  0x000001de29183000 ConcurrentGCThread "G1 Main Marker" [stack: 0x000000a308b00000,0x000000a308c00000] [id=17788]
  0x000001de29187800 ConcurrentGCThread "G1 Conc#0" [stack: 0x000000a308c00000,0x000000a308d00000] [id=17228]
  0x000001de44753000 ConcurrentGCThread "G1 Conc#1" [stack: 0x000000a309c00000,0x000000a309d00000] [id=10192]
  0x000001de2921a000 ConcurrentGCThread "G1 Refine#0" [stack: 0x000000a308d00000,0x000000a308e00000] [id=3392]
  0x000001de2921b000 ConcurrentGCThread "G1 Young RemSet Sampling" [stack: 0x000000a308e00000,0x000000a308f00000] [id=18024]

Threads with active compile tasks:

VM state:at safepoint (normal execution)

VM Mutex/Monitor currently owned by a thread:  ([mutex/lock_event])
[0x000001de29137750] Threads_lock - owner thread: 0x000001de43afe000
[0x000001de291377e0] Heap_lock - owner thread: 0x000001de2913c800

Heap address: 0x0000000086600000, size: 1946 MB, Compressed Oops mode: 32-bit
Narrow klass base: 0x0000000000000000, Narrow klass shift: 3
Compressed class space size: 1073741824 Address: 0x0000000100000000

Heap:
 garbage-first heap   total 124928K, used 5424K [0x0000000086600000, 0x0000000100000000)
  region size 1024K, 2 young (2048K), 2 survivors (2048K)
 Metaspace       used 6404K, capacity 6485K, committed 6528K, reserved 1064960K
  class space    used 567K, capacity 606K, committed 640K, reserved 1048576K
Heap Regions: E=young(eden), S=young(survivor), O=old, HS=humongous(starts), HC=humongous(continues), CS=collection set, F=free, A=archive, TAMS=top-at-mark-start (previous, next)
|   0|0x0000000086600000, 0x0000000086700000, 0x0000000086700000|100%|HS|  |TAMS 0x0000000086600000, 0x0000000086700000| Complete 
|   1|0x0000000086700000, 0x0000000086800000, 0x0000000086800000|100%|HC|  |TAMS 0x0000000086700000, 0x0000000086800000| Complete 
|   2|0x0000000086800000, 0x0000000086900000, 0x0000000086900000|100%|HC|  |TAMS 0x0000000086800000, 0x0000000086900000| Complete 
|   3|0x0000000086900000, 0x0000000086a00000, 0x0000000086a00000|100%|HC|  |TAMS 0x0000000086900000, 0x0000000086a00000| Complete 
|   4|0x0000000086a00000, 0x0000000086a00000, 0x0000000086b00000|  0%| F|  |TAMS 0x0000000086a00000, 0x0000000086a00000| Untracked 
|   5|0x0000000086b00000, 0x0000000086b00000, 0x0000000086c00000|  0%| F|  |TAMS 0x0000000086b00000, 0x0000000086b00000| Untracked 
|   6|0x0000000086c00000, 0x0000000086c00000, 0x0000000086d00000|  0%| F|  |TAMS 0x0000000086c00000, 0x0000000086c00000| Untracked 
|   7|0x0000000086d00000, 0x0000000086d00000, 0x0000000086e00000|  0%| F|  |TAMS 0x0000000086d00000, 0x0000000086d00000| Untracked 
|   8|0x0000000086e00000, 0x0000000086e00000, 0x0000000086f00000|  0%| F|  |TAMS 0x0000000086e00000, 0x0000000086e00000| Untracked 
|   9|0x0000000086f00000, 0x0000000086f00000, 0x0000000087000000|  0%| F|  |TAMS 0x0000000086f00000, 0x0000000086f00000| Untracked 
|  10|0x0000000087000000, 0x0000000087000000, 0x0000000087100000|  0%| F|  |TAMS 0x0000000087000000, 0x0000000087000000| Untracked 
|  11|0x0000000087100000, 0x0000000087100000, 0x0000000087200000|  0%| F|  |TAMS 0x0000000087100000, 0x0000000087100000| Untracked 
|  12|0x0000000087200000, 0x0000000087200000, 0x0000000087300000|  0%| F|  |TAMS 0x0000000087200000, 0x0000000087200000| Untracked 
|  13|0x0000000087300000, 0x0000000087300000, 0x0000000087400000|  0%| F|  |TAMS 0x0000000087300000, 0x0000000087300000| Untracked 
|  14|0x0000000087400000, 0x0000000087400000, 0x0000000087500000|  0%| F|  |TAMS 0x0000000087400000, 0x0000000087400000| Untracked 
|  15|0x0000000087500000, 0x0000000087500000, 0x0000000087600000|  0%| F|  |TAMS 0x0000000087500000, 0x0000000087500000| Untracked 
|  16|0x0000000087600000, 0x0000000087600000, 0x0000000087700000|  0%| F|  |TAMS 0x0000000087600000, 0x0000000087600000| Untracked 
|  17|0x0000000087700000, 0x0000000087700000, 0x0000000087800000|  0%| F|  |TAMS 0x0000000087700000, 0x0000000087700000| Untracked 
|  18|0x0000000087800000, 0x0000000087800000, 0x0000000087900000|  0%| F|  |TAMS 0x0000000087800000, 0x0000000087800000| Untracked 
|  19|0x0000000087900000, 0x0000000087900000, 0x0000000087a00000|  0%| F|  |TAMS 0x0000000087900000, 0x0000000087900000| Untracked 
|  20|0x0000000087a00000, 0x0000000087a00000, 0x0000000087b00000|  0%| F|  |TAMS 0x0000000087a00000, 0x0000000087a00000| Untracked 
|  21|0x0000000087b00000, 0x0000000087b00000, 0x0000000087c00000|  0%| F|  |TAMS 0x0000000087b00000, 0x0000000087b00000| Untracked 
|  22|0x0000000087c00000, 0x0000000087c00000, 0x0000000087d00000|  0%| F|  |TAMS 0x0000000087c00000, 0x0000000087c00000| Untracked 
|  23|0x0000000087d00000, 0x0000000087d00000, 0x0000000087e00000|  0%| F|  |TAMS 0x0000000087d00000, 0x0000000087d00000| Untracked 
|  24|0x0000000087e00000, 0x0000000087e00000, 0x0000000087f00000|  0%| F|  |TAMS 0x0000000087e00000, 0x0000000087e00000| Untracked 
|  25|0x0000000087f00000, 0x0000000087f00000, 0x0000000088000000|  0%| F|  |TAMS 0x0000000087f00000, 0x0000000087f00000| Untracked 
|  26|0x0000000088000000, 0x0000000088000000, 0x0000000088100000|  0%| F|  |TAMS 0x0000000088000000, 0x0000000088000000| Untracked 
|  27|0x0000000088100000, 0x0000000088100000, 0x0000000088200000|  0%| F|  |TAMS 0x0000000088100000, 0x0000000088100000| Untracked 
|  28|0x0000000088200000, 0x0000000088200000, 0x0000000088300000|  0%| F|  |TAMS 0x0000000088200000, 0x0000000088200000| Untracked 
|  29|0x0000000088300000, 0x0000000088300000, 0x0000000088400000|  0%| F|  |TAMS 0x0000000088300000, 0x0000000088300000| Untracked 
|  30|0x0000000088400000, 0x0000000088400000, 0x0000000088500000|  0%| F|  |TAMS 0x0000000088400000, 0x0000000088400000| Untracked 
|  31|0x0000000088500000, 0x0000000088500000, 0x0000000088600000|  0%| F|  |TAMS 0x0000000088500000, 0x0000000088500000| Untracked 
|  32|0x0000000088600000, 0x0000000088600000, 0x0000000088700000|  0%| F|  |TAMS 0x0000000088600000, 0x0000000088600000| Untracked 
|  33|0x0000000088700000, 0x0000000088700000, 0x0000000088800000|  0%| F|  |TAMS 0x0000000088700000, 0x0000000088700000| Untracked 
|  34|0x0000000088800000, 0x0000000088800000, 0x0000000088900000|  0%| F|  |TAMS 0x0000000088800000, 0x0000000088800000| Untracked 
|  35|0x0000000088900000, 0x0000000088900000, 0x0000000088a00000|  0%| F|  |TAMS 0x0000000088900000, 0x0000000088900000| Untracked 
|  36|0x0000000088a00000, 0x0000000088a00000, 0x0000000088b00000|  0%| F|  |TAMS 0x0000000088a00000, 0x0000000088a00000| Untracked 
|  37|0x0000000088b00000, 0x0000000088b00000, 0x0000000088c00000|  0%| F|  |TAMS 0x0000000088b00000, 0x0000000088b00000| Untracked 
|  38|0x0000000088c00000, 0x0000000088c00000, 0x0000000088d00000|  0%| F|  |TAMS 0x0000000088c00000, 0x0000000088c00000| Untracked 
|  39|0x0000000088d00000, 0x0000000088d00000, 0x0000000088e00000|  0%| F|  |TAMS 0x0000000088d00000, 0x0000000088d00000| Untracked 
|  40|0x0000000088e00000, 0x0000000088e00000, 0x0000000088f00000|  0%| F|  |TAMS 0x0000000088e00000, 0x0000000088e00000| Untracked 
|  41|0x0000000088f00000, 0x0000000088f00000, 0x0000000089000000|  0%| F|  |TAMS 0x0000000088f00000, 0x0000000088f00000| Untracked 
|  42|0x0000000089000000, 0x0000000089000000, 0x0000000089100000|  0%| F|  |TAMS 0x0000000089000000, 0x0000000089000000| Untracked 
|  43|0x0000000089100000, 0x0000000089100000, 0x0000000089200000|  0%| F|  |TAMS 0x0000000089100000, 0x0000000089100000| Untracked 
|  44|0x0000000089200000, 0x0000000089200000, 0x0000000089300000|  0%| F|  |TAMS 0x0000000089200000, 0x0000000089200000| Untracked 
|  45|0x0000000089300000, 0x0000000089300000, 0x0000000089400000|  0%| F|  |TAMS 0x0000000089300000, 0x0000000089300000| Untracked 
|  46|0x0000000089400000, 0x0000000089400000, 0x0000000089500000|  0%| F|  |TAMS 0x0000000089400000, 0x0000000089400000| Untracked 
|  47|0x0000000089500000, 0x0000000089500000, 0x0000000089600000|  0%| F|  |TAMS 0x0000000089500000, 0x0000000089500000| Untracked 
|  48|0x0000000089600000, 0x0000000089600000, 0x0000000089700000|  0%| F|  |TAMS 0x0000000089600000, 0x0000000089600000| Untracked 
|  49|0x0000000089700000, 0x0000000089700000, 0x0000000089800000|  0%| F|  |TAMS 0x0000000089700000, 0x0000000089700000| Untracked 
|  50|0x0000000089800000, 0x0000000089800000, 0x0000000089900000|  0%| F|  |TAMS 0x0000000089800000, 0x0000000089800000| Untracked 
|  51|0x0000000089900000, 0x0000000089900000, 0x0000000089a00000|  0%| F|  |TAMS 0x0000000089900000, 0x0000000089900000| Untracked 
|  52|0x0000000089a00000, 0x0000000089a00000, 0x0000000089b00000|  0%| F|  |TAMS 0x0000000089a00000, 0x0000000089a00000| Untracked 
|  53|0x0000000089b00000, 0x0000000089b00000, 0x0000000089c00000|  0%| F|  |TAMS 0x0000000089b00000, 0x0000000089b00000| Untracked 
|  54|0x0000000089c00000, 0x0000000089c00000, 0x0000000089d00000|  0%| F|  |TAMS 0x0000000089c00000, 0x0000000089c00000| Untracked 
|  55|0x0000000089d00000, 0x0000000089d00000, 0x0000000089e00000|  0%| F|  |TAMS 0x0000000089d00000, 0x0000000089d00000| Untracked 
|  56|0x0000000089e00000, 0x0000000089e00000, 0x0000000089f00000|  0%| F|  |TAMS 0x0000000089e00000, 0x0000000089e00000| Untracked 
|  57|0x0000000089f00000, 0x0000000089f00000, 0x000000008a000000|  0%| F|  |TAMS 0x0000000089f00000, 0x0000000089f00000| Untracked 
|  58|0x000000008a000000, 0x000000008a000000, 0x000000008a100000|  0%| F|  |TAMS 0x000000008a000000, 0x000000008a000000| Untracked 
|  59|0x000000008a100000, 0x000000008a100000, 0x000000008a200000|  0%| F|  |TAMS 0x000000008a100000, 0x000000008a100000| Untracked 
|  60|0x000000008a200000, 0x000000008a200000, 0x000000008a300000|  0%| F|  |TAMS 0x000000008a200000, 0x000000008a200000| Untracked 
|  61|0x000000008a300000, 0x000000008a300000, 0x000000008a400000|  0%| F|  |TAMS 0x000000008a300000, 0x000000008a300000| Untracked 
|  62|0x000000008a400000, 0x000000008a400000, 0x000000008a500000|  0%| F|  |TAMS 0x000000008a400000, 0x000000008a400000| Untracked 
|  63|0x000000008a500000, 0x000000008a500000, 0x000000008a600000|  0%| F|  |TAMS 0x000000008a500000, 0x000000008a500000| Untracked 
|  64|0x000000008a600000, 0x000000008a600000, 0x000000008a700000|  0%| F|  |TAMS 0x000000008a600000, 0x000000008a600000| Untracked 
|  65|0x000000008a700000, 0x000000008a700000, 0x000000008a800000|  0%| F|  |TAMS 0x000000008a700000, 0x000000008a700000| Untracked 
|  66|0x000000008a800000, 0x000000008a800000, 0x000000008a900000|  0%| F|  |TAMS 0x000000008a800000, 0x000000008a800000| Untracked 
|  67|0x000000008a900000, 0x000000008a900000, 0x000000008aa00000|  0%| F|  |TAMS 0x000000008a900000, 0x000000008a900000| Untracked 
|  68|0x000000008aa00000, 0x000000008aa00000, 0x000000008ab00000|  0%| F|  |TAMS 0x000000008aa00000, 0x000000008aa00000| Untracked 
|  69|0x000000008ab00000, 0x000000008ab00000, 0x000000008ac00000|  0%| F|  |TAMS 0x000000008ab00000, 0x000000008ab00000| Untracked 
|  70|0x000000008ac00000, 0x000000008ac00000, 0x000000008ad00000|  0%| F|  |TAMS 0x000000008ac00000, 0x000000008ac00000| Untracked 
|  71|0x000000008ad00000, 0x000000008ad00000, 0x000000008ae00000|  0%| F|  |TAMS 0x000000008ad00000, 0x000000008ad00000| Untracked 
|  72|0x000000008ae00000, 0x000000008ae00000, 0x000000008af00000|  0%| F|  |TAMS 0x000000008ae00000, 0x000000008ae00000| Untracked 
|  73|0x000000008af00000, 0x000000008af00000, 0x000000008b000000|  0%| F|  |TAMS 0x000000008af00000, 0x000000008af00000| Untracked 
|  74|0x000000008b000000, 0x000000008b000000, 0x000000008b100000|  0%| F|  |TAMS 0x000000008b000000, 0x000000008b000000| Untracked 
|  75|0x000000008b100000, 0x000000008b100000, 0x000000008b200000|  0%| F|  |TAMS 0x000000008b100000, 0x000000008b100000| Untracked 
|  76|0x000000008b200000, 0x000000008b200000, 0x000000008b300000|  0%| F|  |TAMS 0x000000008b200000, 0x000000008b200000| Untracked 
|  77|0x000000008b300000, 0x000000008b300000, 0x000000008b400000|  0%| F|  |TAMS 0x000000008b300000, 0x000000008b300000| Untracked 
|  78|0x000000008b400000, 0x000000008b400000, 0x000000008b500000|  0%| F|  |TAMS 0x000000008b400000, 0x000000008b400000| Untracked 
|  79|0x000000008b500000, 0x000000008b500000, 0x000000008b600000|  0%| F|  |TAMS 0x000000008b500000, 0x000000008b500000| Untracked 
|  80|0x000000008b600000, 0x000000008b600000, 0x000000008b700000|  0%| F|  |TAMS 0x000000008b600000, 0x000000008b600000| Untracked 
|  81|0x000000008b700000, 0x000000008b700000, 0x000000008b800000|  0%| F|  |TAMS 0x000000008b700000, 0x000000008b700000| Untracked 
|  82|0x000000008b800000, 0x000000008b800000, 0x000000008b900000|  0%| F|  |TAMS 0x000000008b800000, 0x000000008b800000| Untracked 
|  83|0x000000008b900000, 0x000000008b900000, 0x000000008ba00000|  0%| F|  |TAMS 0x000000008b900000, 0x000000008b900000| Untracked 
|  84|0x000000008ba00000, 0x000000008ba00000, 0x000000008bb00000|  0%| F|  |TAMS 0x000000008ba00000, 0x000000008ba00000| Untracked 
|  85|0x000000008bb00000, 0x000000008bb00000, 0x000000008bc00000|  0%| F|  |TAMS 0x000000008bb00000, 0x000000008bb00000| Untracked 
|  86|0x000000008bc00000, 0x000000008bc00000, 0x000000008bd00000|  0%| F|  |TAMS 0x000000008bc00000, 0x000000008bc00000| Untracked 
|  87|0x000000008bd00000, 0x000000008bd00000, 0x000000008be00000|  0%| F|  |TAMS 0x000000008bd00000, 0x000000008bd00000| Untracked 
|  88|0x000000008be00000, 0x000000008be00000, 0x000000008bf00000|  0%| F|  |TAMS 0x000000008be00000, 0x000000008be00000| Untracked 
|  89|0x000000008bf00000, 0x000000008bf00000, 0x000000008c000000|  0%| F|  |TAMS 0x000000008bf00000, 0x000000008bf00000| Untracked 
|  90|0x000000008c000000, 0x000000008c000000, 0x000000008c100000|  0%| F|  |TAMS 0x000000008c000000, 0x000000008c000000| Untracked 
|  91|0x000000008c100000, 0x000000008c100000, 0x000000008c200000|  0%| F|  |TAMS 0x000000008c100000, 0x000000008c100000| Untracked 
|  92|0x000000008c200000, 0x000000008c200000, 0x000000008c300000|  0%| F|  |TAMS 0x000000008c200000, 0x000000008c200000| Untracked 
|  93|0x000000008c300000, 0x000000008c300000, 0x000000008c400000|  0%| F|  |TAMS 0x000000008c300000, 0x000000008c300000| Untracked 
|  94|0x000000008c400000, 0x000000008c400000, 0x000000008c500000|  0%| F|  |TAMS 0x000000008c400000, 0x000000008c400000| Untracked 
|  95|0x000000008c500000, 0x000000008c500000, 0x000000008c600000|  0%| F|  |TAMS 0x000000008c500000, 0x000000008c500000| Untracked 
|  96|0x000000008c600000, 0x000000008c600000, 0x000000008c700000|  0%| F|  |TAMS 0x000000008c600000, 0x000000008c600000| Untracked 
|  97|0x000000008c700000, 0x000000008c700000, 0x000000008c800000|  0%| F|  |TAMS 0x000000008c700000, 0x000000008c700000| Untracked 
|  98|0x000000008c800000, 0x000000008c800000, 0x000000008c900000|  0%| F|  |TAMS 0x000000008c800000, 0x000000008c800000| Untracked 
|  99|0x000000008c900000, 0x000000008c900000, 0x000000008ca00000|  0%| F|  |TAMS 0x000000008c900000, 0x000000008c900000| Untracked 
| 100|0x000000008ca00000, 0x000000008ca00000, 0x000000008cb00000|  0%| F|  |TAMS 0x000000008ca00000, 0x000000008ca00000| Untracked 
| 101|0x000000008cb00000, 0x000000008cb00000, 0x000000008cc00000|  0%| F|  |TAMS 0x000000008cb00000, 0x000000008cb00000| Untracked 
| 102|0x000000008cc00000, 0x000000008cc00000, 0x000000008cd00000|  0%| F|  |TAMS 0x000000008cc00000, 0x000000008cc00000| Untracked 
| 103|0x000000008cd00000, 0x000000008cd00000, 0x000000008ce00000|  0%| F|  |TAMS 0x000000008cd00000, 0x000000008cd00000| Untracked 
| 104|0x000000008ce00000, 0x000000008ce00000, 0x000000008cf00000|  0%| F|  |TAMS 0x000000008ce00000, 0x000000008ce00000| Untracked 
| 105|0x000000008cf00000, 0x000000008cf00000, 0x000000008d000000|  0%| F|  |TAMS 0x000000008cf00000, 0x000000008cf00000| Untracked 
| 106|0x000000008d000000, 0x000000008d000000, 0x000000008d100000|  0%| F|  |TAMS 0x000000008d000000, 0x000000008d000000| Untracked 
| 107|0x000000008d100000, 0x000000008d100000, 0x000000008d200000|  0%| F|  |TAMS 0x000000008d100000, 0x000000008d100000| Untracked 
| 108|0x000000008d200000, 0x000000008d200000, 0x000000008d300000|  0%| F|  |TAMS 0x000000008d200000, 0x000000008d200000| Untracked 
| 109|0x000000008d300000, 0x000000008d300000, 0x000000008d400000|  0%| F|  |TAMS 0x000000008d300000, 0x000000008d300000| Untracked 
| 110|0x000000008d400000, 0x000000008d400000, 0x000000008d500000|  0%| F|  |TAMS 0x000000008d400000, 0x000000008d400000| Untracked 
| 111|0x000000008d500000, 0x000000008d500000, 0x000000008d600000|  0%| F|  |TAMS 0x000000008d500000, 0x000000008d500000| Untracked 
| 112|0x000000008d600000, 0x000000008d600000, 0x000000008d700000|  0%| F|  |TAMS 0x000000008d600000, 0x000000008d600000| Untracked 
| 113|0x000000008d700000, 0x000000008d74c030, 0x000000008d800000| 29%| S|CS|TAMS 0x000000008d700000, 0x000000008d700000| Complete 
| 114|0x000000008d800000, 0x000000008d900000, 0x000000008d900000|100%| S|CS|TAMS 0x000000008d800000, 0x000000008d800000| Complete 
| 115|0x000000008d900000, 0x000000008d900000, 0x000000008da00000|  0%| F|  |TAMS 0x000000008d900000, 0x000000008d900000| Untracked 
| 116|0x000000008da00000, 0x000000008da00000, 0x000000008db00000|  0%| F|  |TAMS 0x000000008da00000, 0x000000008da00000| Untracked 
| 117|0x000000008db00000, 0x000000008db00000, 0x000000008dc00000|  0%| F|  |TAMS 0x000000008db00000, 0x000000008db00000| Untracked 
| 118|0x000000008dc00000, 0x000000008dc00000, 0x000000008dd00000|  0%| F|  |TAMS 0x000000008dc00000, 0x000000008dc00000| Untracked 
| 119|0x000000008dd00000, 0x000000008dd00000, 0x000000008de00000|  0%| F|  |TAMS 0x000000008dd00000, 0x000000008dd00000| Untracked 
| 120|0x000000008de00000, 0x000000008de00000, 0x000000008df00000|  0%| F|  |TAMS 0x000000008de00000, 0x000000008de00000| Untracked 
| 121|0x000000008df00000, 0x000000008df00000, 0x000000008e000000|  0%| F|  |TAMS 0x000000008df00000, 0x000000008df00000| Untracked 

Card table byte_map: [0x000001de3cbf0000,0x000001de3cfc0000] _byte_map_base: 0x000001de3c7bd000

Marking Bits (Prev, Next): (CMBitMap*) 0x000001de2917ac98, (CMBitMap*) 0x000001de2917acd0
 Prev Bits: [0x000001de3d390000, 0x000001de3f1f8000)
 Next Bits: [0x000001de3f200000, 0x000001de41068000)

Polling page: 0x000001de29220000

Metaspace:

Usage:
  Non-class:      5.74 MB capacity,     5.70 MB (>99%) used,    37.92 KB ( <1%) free+waste,     3.69 KB ( <1%) overhead. 
      Class:    606.00 KB capacity,   567.34 KB ( 94%) used,    36.85 KB (  6%) free+waste,     1.81 KB ( <1%) overhead. 
       Both:      6.33 MB capacity,     6.25 MB ( 99%) used,    74.77 KB (  1%) free+waste,     5.50 KB ( <1%) overhead. 

Virtual space:
  Non-class space:       16.00 MB reserved,       5.75 MB ( 36%) committed 
      Class space:        1.00 GB reserved,     640.00 KB ( <1%) committed 
             Both:        1.02 GB reserved,       6.38 MB ( <1%) committed 

Chunk freelists:
   Non-Class:  9.00 KB
       Class:  2.00 KB
        Both:  11.00 KB

MaxMetaspaceSize: 17179869184.00 GB
CompressedClassSpaceSize: 1.00 GB

CodeHeap 'non-profiled nmethods': size=120000Kb used=100Kb max_used=100Kb free=119899Kb
 bounds [0x000001de34860000, 0x000001de34ad0000, 0x000001de3bd90000]
CodeHeap 'profiled nmethods': size=120000Kb used=405Kb max_used=405Kb free=119594Kb
 bounds [0x000001de2d330000, 0x000001de2d5a0000, 0x000001de34860000]
CodeHeap 'non-nmethods': size=5760Kb used=1064Kb max_used=1076Kb free=4695Kb
 bounds [0x000001de2cd90000, 0x000001de2d000000, 0x000001de2d330000]
 total_blobs=655 nmethods=315 adapters=252
 compilation: enabled
              stopped_count=0, restarted_count=0
 full_count=0

Compilation events (20 events):
Event: 0.457 Thread 0x000001de43b59000  305       1       java.nio.Buffer::limit (5 bytes)
Event: 0.457 Thread 0x000001de43b59000 nmethod 305 0x000001de34878790 code [0x000001de34878940, 0x000001de348789f8]
Event: 0.457 Thread 0x000001de43b59000  306       3       jdk.internal.jimage.ImageStringsReader::unmaskedHashCode (173 bytes)
Event: 0.458 Thread 0x000001de43b59000 nmethod 306 0x000001de2d391e90 code [0x000001de2d392100, 0x000001de2d392cb8]
Event: 0.458 Thread 0x000001de43b59000  307       3       jdk.internal.misc.Unsafe::putObjectRelease (9 bytes)
Event: 0.458 Thread 0x000001de43b59000 nmethod 307 0x000001de2d393190 code [0x000001de2d393340, 0x000001de2d393498]
Event: 0.458 Thread 0x000001de43b59000  309       3       java.util.concurrent.ConcurrentHashMap::setTabAt (20 bytes)
Event: 0.458 Thread 0x000001de43b59000 nmethod 309 0x000001de2d393510 code [0x000001de2d3936c0, 0x000001de2d393938]
Event: 0.459 Thread 0x000001de43b59000  310       3       java.lang.StringLatin1::lastIndexOf (40 bytes)
Event: 0.459 Thread 0x000001de43b59000 nmethod 310 0x000001de2d393a10 code [0x000001de2d393be0, 0x000001de2d393f98]
Event: 0.462 Thread 0x000001de43b59000  311       3       java.lang.String::isEmpty (14 bytes)
Event: 0.462 Thread 0x000001de43b59000 nmethod 311 0x000001de2d394110 code [0x000001de2d3942c0, 0x000001de2d394418]
Event: 0.465 Thread 0x000001de4463c000  312       4       java.lang.StringLatin1::indexOf (61 bytes)
Event: 0.467 Thread 0x000001de43b59000  313       3       java.lang.String::lastIndexOf (29 bytes)
Event: 0.467 Thread 0x000001de43b59000 nmethod 313 0x000001de2d394510 code [0x000001de2d3946e0, 0x000001de2d394958]
Event: 0.468 Thread 0x000001de4463c000 nmethod 312 0x000001de34878f10 code [0x000001de348790a0, 0x000001de34879238]
Event: 0.470 Thread 0x000001de43b59000  314       3       java.lang.String::lastIndexOf (12 bytes)
Event: 0.470 Thread 0x000001de43b59000 nmethod 314 0x000001de2d394a90 code [0x000001de2d394c80, 0x000001de2d395058]
Event: 0.470 Thread 0x000001de43b59000  315       3       java.lang.AbstractStringBuilder::newCapacity (55 bytes)
Event: 0.471 Thread 0x000001de43b59000 nmethod 315 0x000001de2d395210 code [0x000001de2d3953e0, 0x000001de2d395608]

GC Heap History (2 events):
Event: 0.472 GC heap before
{Heap before GC invocations=0 (full 0):
 garbage-first heap   total 124928K, used 10240K [0x0000000086600000, 0x0000000100000000)
  region size 1024K, 7 young (7168K), 0 survivors (0K)
 Metaspace       used 6404K, capacity 6485K, committed 6528K, reserved 1062912K
  class space    used 567K, capacity 606K, committed 640K, reserved 1048576K
}
Event: 0.475 GC heap after
{Heap after GC invocations=1 (full 0):
 garbage-first heap   total 124928K, used 5424K [0x0000000086600000, 0x0000000100000000)
  region size 1024K, 2 young (2048K), 2 survivors (2048K)
 Metaspace       used 6404K, capacity 6485K, committed 6528K, reserved 1062912K
  class space    used 567K, capacity 606K, committed 640K, reserved 1048576K
}

Deoptimization events (20 events):
Event: 0.433 Thread 0x000001de2913c800 DEOPT PACKING pc=0x000001de2d35ffa8 sp=0x000000a3089fcd60
Event: 0.433 Thread 0x000001de2913c800 DEOPT UNPACKING pc=0x000001de2cdb7c0e sp=0x000000a3089fc230 mode 0
Event: 0.434 Thread 0x000001de2913c800 DEOPT PACKING pc=0x000001de2d35ffa8 sp=0x000000a3089fcd60
Event: 0.434 Thread 0x000001de2913c800 DEOPT UNPACKING pc=0x000001de2cdb7c0e sp=0x000000a3089fc230 mode 0
Event: 0.434 Thread 0x000001de2913c800 DEOPT PACKING pc=0x000001de2d35ffa8 sp=0x000000a3089fcd60
Event: 0.434 Thread 0x000001de2913c800 DEOPT UNPACKING pc=0x000001de2cdb7c0e sp=0x000000a3089fc230 mode 0
Event: 0.434 Thread 0x000001de2913c800 DEOPT PACKING pc=0x000001de2d35ffa8 sp=0x000000a3089fcd60
Event: 0.434 Thread 0x000001de2913c800 DEOPT UNPACKING pc=0x000001de2cdb7c0e sp=0x000000a3089fc230 mode 0
Event: 0.435 Thread 0x000001de2913c800 DEOPT PACKING pc=0x000001de2d35ffa8 sp=0x000000a3089fcd60
Event: 0.435 Thread 0x000001de2913c800 DEOPT UNPACKING pc=0x000001de2cdb7c0e sp=0x000000a3089fc230 mode 0
Event: 0.435 Thread 0x000001de2913c800 DEOPT PACKING pc=0x000001de2d35ffa8 sp=0x000000a3089fcd60
Event: 0.435 Thread 0x000001de2913c800 DEOPT UNPACKING pc=0x000001de2cdb7c0e sp=0x000000a3089fc230 mode 0
Event: 0.437 Thread 0x000001de2913c800 DEOPT PACKING pc=0x000001de2d35ffa8 sp=0x000000a3089fcd60
Event: 0.437 Thread 0x000001de2913c800 DEOPT UNPACKING pc=0x000001de2cdb7c0e sp=0x000000a3089fc230 mode 0
Event: 0.437 Thread 0x000001de2913c800 DEOPT PACKING pc=0x000001de2d35ffa8 sp=0x000000a3089fcd60
Event: 0.437 Thread 0x000001de2913c800 DEOPT UNPACKING pc=0x000001de2cdb7c0e sp=0x000000a3089fc230 mode 0
Event: 0.437 Thread 0x000001de2913c800 DEOPT PACKING pc=0x000001de2d35ffa8 sp=0x000000a3089fcd60
Event: 0.437 Thread 0x000001de2913c800 DEOPT UNPACKING pc=0x000001de2cdb7c0e sp=0x000000a3089fc230 mode 0
Event: 0.438 Thread 0x000001de2913c800 DEOPT PACKING pc=0x000001de2d35ffa8 sp=0x000000a3089fcd60
Event: 0.438 Thread 0x000001de2913c800 DEOPT UNPACKING pc=0x000001de2cdb7c0e sp=0x000000a3089fc230 mode 0

Classes redefined (0 events):
No events

Internal exceptions (0 events):
No events

Events (20 events):
Event: 0.465 loading class uk/co/wilson/xml/MinML$MinMLBuffer done
Event: 0.466 loading class org/xml/sax/AttributeList
Event: 0.466 loading class org/xml/sax/AttributeList done
Event: 0.467 loading class org/apache/xmlrpc/XmlRpcRequest
Event: 0.467 loading class org/apache/xmlrpc/XmlRpcRequest done
Event: 0.468 loading class org/apache/xmlrpc/XmlRpcServerRequest
Event: 0.468 loading class org/apache/xmlrpc/XmlRpcServerRequest done
Event: 0.469 loading class org/apache/xmlrpc/LiteXmlRpcTransport
Event: 0.469 loading class org/apache/xmlrpc/LiteXmlRpcTransport done
Event: 0.469 Executing VM operation: Deoptimize
Event: 0.470 Executing VM operation: Deoptimize done
Event: 0.470 loading class org/apache/xmlrpc/ServerInputStream
Event: 0.470 loading class org/apache/xmlrpc/ServerInputStream done
Event: 0.471 loading class java/lang/InterruptedException
Event: 0.471 loading class java/lang/InterruptedException done
Event: 0.471 loading class java/net/ConnectException
Event: 0.471 loading class java/net/SocketException
Event: 0.471 loading class java/net/SocketException done
Event: 0.471 loading class java/net/ConnectException done
Event: 0.472 Executing VM operation: CollectForMetadataAllocation


Dynamic libraries:
0x00007ff6ce760000 - 0x00007ff6ce76a000 	C:\Program Files\JetBrains\IntelliJ IDEA Community Edition 2021.2.1\jbr\bin\java.exe
0x00007ffd7fd10000 - 0x00007ffd7ff05000 	C:\WINDOWS\SYSTEM32\ntdll.dll
0x00007ffd7e610000 - 0x00007ffd7e6ce000 	C:\WINDOWS\System32\KERNEL32.DLL
0x00007ffd7d460000 - 0x00007ffd7d728000 	C:\WINDOWS\System32\KERNELBASE.dll
0x00007ffd7dbf0000 - 0x00007ffd7dcf0000 	C:\WINDOWS\System32\ucrtbase.dll
0x00007ffd5c2b0000 - 0x00007ffd5c2c9000 	C:\Program Files\JetBrains\IntelliJ IDEA Community Edition 2021.2.1\jbr\bin\jli.dll
0x00007ffd5aca0000 - 0x00007ffd5acb7000 	C:\Program Files\JetBrains\IntelliJ IDEA Community Edition 2021.2.1\jbr\bin\VCRUNTIME140.dll
0x00007ffd7ed60000 - 0x00007ffd7ef00000 	C:\WINDOWS\System32\USER32.dll
0x00007ffd7dcf0000 - 0x00007ffd7dd12000 	C:\WINDOWS\System32\win32u.dll
0x00007ffd7e730000 - 0x00007ffd7e75b000 	C:\WINDOWS\System32\GDI32.dll
0x00007ffd5dab0000 - 0x00007ffd5dd4a000 	C:\WINDOWS\WinSxS\amd64_microsoft.windows.common-controls_6595b64144ccf1df_6.0.19041.1110_none_60b5254171f9507e\COMCTL32.dll
0x00007ffd7d730000 - 0x00007ffd7d83b000 	C:\WINDOWS\System32\gdi32full.dll
0x00007ffd7ebe0000 - 0x00007ffd7ec7e000 	C:\WINDOWS\System32\msvcrt.dll
0x00007ffd7d8b0000 - 0x00007ffd7d94d000 	C:\WINDOWS\System32\msvcp_win.dll
0x00007ffd7fca0000 - 0x00007ffd7fcd0000 	C:\WINDOWS\System32\IMM32.DLL
0x00007ffd46320000 - 0x00007ffd463bd000 	C:\Program Files\JetBrains\IntelliJ IDEA Community Edition 2021.2.1\jbr\bin\msvcp140.dll
0x00007ffd36460000 - 0x00007ffd36faa000 	C:\Program Files\JetBrains\IntelliJ IDEA Community Edition 2021.2.1\jbr\bin\server\jvm.dll
0x00007ffd7f9e0000 - 0x00007ffd7fa8e000 	C:\WINDOWS\System32\ADVAPI32.dll
0x00007ffd7f880000 - 0x00007ffd7f91c000 	C:\WINDOWS\System32\sechost.dll
0x00007ffd7e360000 - 0x00007ffd7e485000 	C:\WINDOWS\System32\RPCRT4.dll
0x00007ffd7e170000 - 0x00007ffd7e178000 	C:\WINDOWS\System32\PSAPI.DLL
0x00007ffd6b640000 - 0x00007ffd6b667000 	C:\WINDOWS\SYSTEM32\WINMM.dll
0x00007ffd6cc70000 - 0x00007ffd6cc79000 	C:\WINDOWS\SYSTEM32\WSOCK32.dll
0x00007ffd70e90000 - 0x00007ffd70e9a000 	C:\WINDOWS\SYSTEM32\VERSION.dll
0x00007ffd7ef00000 - 0x00007ffd7ef6b000 	C:\WINDOWS\System32\WS2_32.dll
0x00007ffd7bcd0000 - 0x00007ffd7bce2000 	C:\WINDOWS\SYSTEM32\kernel.appcore.dll
0x00007ffd733a0000 - 0x00007ffd733b1000 	C:\Program Files\JetBrains\IntelliJ IDEA Community Edition 2021.2.1\jbr\bin\verify.dll
0x00007ffd7b160000 - 0x00007ffd7b344000 	C:\WINDOWS\SYSTEM32\DBGHELP.DLL
0x00007ffd680a0000 - 0x00007ffd680cc000 	C:\WINDOWS\SYSTEM32\dbgcore.DLL
0x00007ffd7db60000 - 0x00007ffd7dbe2000 	C:\WINDOWS\System32\bcryptPrimitives.dll
0x00007ffd5ee20000 - 0x00007ffd5ee49000 	C:\Program Files\JetBrains\IntelliJ IDEA Community Edition 2021.2.1\jbr\bin\java.dll
0x00007ffd75250000 - 0x00007ffd7525b000 	C:\Program Files\JetBrains\IntelliJ IDEA Community Edition 2021.2.1\jbr\bin\jimage.dll
0x00007ffd71b30000 - 0x00007ffd71b48000 	C:\Program Files\JetBrains\IntelliJ IDEA Community Edition 2021.2.1\jbr\bin\zip.dll
0x00007ffd7f130000 - 0x00007ffd7f874000 	C:\WINDOWS\System32\SHELL32.dll
0x00007ffd7b520000 - 0x00007ffd7bcb4000 	C:\WINDOWS\SYSTEM32\windows.storage.dll
0x00007ffd7dd70000 - 0x00007ffd7e0c4000 	C:\WINDOWS\System32\combase.dll
0x00007ffd7ce20000 - 0x00007ffd7ce4c000 	C:\WINDOWS\SYSTEM32\Wldp.dll
0x00007ffd7e1e0000 - 0x00007ffd7e28d000 	C:\WINDOWS\System32\SHCORE.dll
0x00007ffd7e490000 - 0x00007ffd7e4e5000 	C:\WINDOWS\System32\shlwapi.dll
0x00007ffd7d370000 - 0x00007ffd7d38f000 	C:\WINDOWS\SYSTEM32\profapi.dll
0x00007ffd72c90000 - 0x00007ffd72caa000 	C:\Program Files\JetBrains\IntelliJ IDEA Community Edition 2021.2.1\jbr\bin\net.dll
0x00007ffd74530000 - 0x00007ffd74639000 	C:\WINDOWS\SYSTEM32\WINHTTP.dll
0x00007ffd7cb80000 - 0x00007ffd7cbea000 	C:\WINDOWS\system32\mswsock.dll
0x00007ffd72c70000 - 0x00007ffd72c84000 	C:\Program Files\JetBrains\IntelliJ IDEA Community Edition 2021.2.1\jbr\bin\nio.dll

dbghelp: loaded successfully - version: 4.0.5 - missing functions: none
symbol engine: initialized successfully - sym options: 0x614 - pdb path: .;C:\Program Files\JetBrains\IntelliJ IDEA Community Edition 2021.2.1\jbr\bin;C:\WINDOWS\SYSTEM32;C:\WINDOWS\WinSxS\amd64_microsoft.windows.common-controls_6595b64144ccf1df_6.0.19041.1110_none_60b5254171f9507e;C:\Program Files\JetBrains\IntelliJ IDEA Community Edition 2021.2.1\jbr\bin\server

VM Arguments:
java_command: git4idea.http.GitAskPassApp Username for 'https://github.students.cs.ubc.ca': 
java_class_path (initial): C:/Program Files/JetBrains/IntelliJ IDEA Community Edition 2021.2.1/plugins/git4idea/lib/git4idea-rt.jar;C:/Program Files/JetBrains/IntelliJ IDEA Community Edition 2021.2.1/lib/3rd-party.jar
Launcher Type: SUN_STANDARD

[Global flags]
     intx CICompilerCount                          = 4                                         {product} {ergonomic}
     uint ConcGCThreads                            = 2                                         {product} {ergonomic}
     uint G1ConcRefinementThreads                  = 8                                         {product} {ergonomic}
   size_t G1HeapRegionSize                         = 1048576                                   {product} {ergonomic}
    uintx GCDrainStackTargetSize                   = 64                                        {product} {ergonomic}
   size_t InitialHeapSize                          = 127926272                                 {product} {ergonomic}
   size_t MarkStackSize                            = 4194304                                   {product} {ergonomic}
   size_t MaxHeapSize                              = 2040528896                                {product} {ergonomic}
   size_t MaxNewSize                               = 1223688192                                {product} {ergonomic}
   size_t MinHeapDeltaBytes                        = 1048576                                   {product} {ergonomic}
    uintx NonNMethodCodeHeapSize                   = 5836300                                {pd product} {ergonomic}
    uintx NonProfiledCodeHeapSize                  = 122910970                              {pd product} {ergonomic}
    uintx ProfiledCodeHeapSize                     = 122910970                              {pd product} {ergonomic}
    uintx ReservedCodeCacheSize                    = 251658240                              {pd product} {ergonomic}
     bool SegmentedCodeCache                       = true                                      {product} {ergonomic}
     bool UseCompressedClassPointers               = true                                 {lp64_product} {ergonomic}
     bool UseCompressedOops                        = true                                 {lp64_product} {ergonomic}
     bool UseG1GC                                  = true                                      {product} {ergonomic}
     bool UseLargePagesIndividualAllocation        = false                                  {pd product} {ergonomic}

Logging:
Log output configuration:
 #0: stdout all=warning uptime,level,tags
 #1: stderr all=off uptime,level,tags

Environment Variables:
PATH=C:\Program Files\Git\mingw64\libexec\git-core;C:\Program Files\Git\mingw64\libexec\git-core;C:\Program Files\Git\mingw64\bin;C:\Program Files\Git\usr\bin;C:\Users\Xuan Mai\bin;C:\Program Files (x86)\Common Files\Oracle\Java\javapath;C:\WINDOWS\system32;C:\WINDOWS;C:\WINDOWS\System32\Wbem;C:\WINDOWS\System32\WindowsPowerShell\v1.0;C:\WINDOWS\System32\OpenSSH;C:\Program Files\Git\cmd;C:\Users\Xuan Mai\AppData\Local\Microsoft\WindowsApps;C:\Users\Xuan Mai\AppData\Local\Programs\Microsoft VS Code\bin
USERNAME=Xuan Mai
DISPLAY=:0.0
LC_ALL=en_US.UTF-8
OS=Windows_NT
PROCESSOR_IDENTIFIER=Intel64 Family 6 Model 126 Stepping 5, GenuineIntel



---------------  S Y S T E M  ---------------

OS: Windows 10 , 64 bit Build 19041 (10.0.19041.1566)
OS uptime: 0 days 15:36 hours

CPU:total 8 (initial active 8) (4 cores per cpu, 2 threads per core) family 6 model 126 stepping 5 microcode 0xa8, cmov, cx8, fxsr, mmx, sse, sse2, sse3, ssse3, sse4.1, sse4.2, popcnt, avx, avx2, aes, clmul, erms, 3dnowpref, lzcnt, ht, tsc, tscinvbit, bmi1, bmi2, adx, evex, sha, fma

Memory: 4k page, system-wide physical 7778M (662M free)
TotalPageFile size 7778M (AvailPageFile size 4M)
current process WorkingSet (physical memory assigned to process): 51M, peak: 51M
current process commit charge ("private bytes"): 203M, peak: 204M

vm_info: OpenJDK 64-Bit Server VM (11.0.11+9-b1504.16) for windows-amd64 JRE (11.0.11+9-b1504.16), built on Aug  9 2021 01:34:19 by "" with MS VC++ 14.0 (VS2015)

END.
